TN:
SF:C:\Daten\Entwicklung\VZ200\vz200\apps\VZ200-App\src\polyfills.ts
FNF:0
FNH:0
LF:0
LH:0
BRF:0
BRH:0
end_of_record
TN:
SF:C:\Daten\Entwicklung\VZ200\vz200\apps\VZ200-App\src\test.ts
FNF:0
FNH:0
DA:13,1
DA:18,1
DA:20,1
LF:3
LH:3
BRF:0
BRH:0
end_of_record
TN:
SF:C:\Daten\Entwicklung\VZ200\vz200\apps\VZ200-App\src\zone-flags.ts
FNF:0
FNH:0
DA:5,1
LF:1
LH:1
BRF:0
BRH:0
end_of_record
TN:
SF:C:\Daten\Entwicklung\VZ200\vz200\apps\VZ200-App\src\app\app.component.ts
FN:26,(anonymous_0)
FN:34,(anonymous_1)
FN:35,(anonymous_2)
FNF:3
FNH:3
FNDA:4,(anonymous_0)
FNDA:4,(anonymous_1)
FNDA:4,(anonymous_2)
DA:12,1
DA:13,4
DA:27,4
DA:28,4
DA:29,4
DA:31,4
DA:35,4
DA:36,4
DA:37,4
LF:9
LH:9
BRF:0
BRH:0
end_of_record
TN:
SF:C:\Daten\Entwicklung\VZ200\vz200\apps\VZ200-App\src\app\files\files.page.ts
FN:23,(anonymous_0)
FN:33,(anonymous_1)
FNF:2
FNH:2
FNDA:2,(anonymous_0)
FNDA:2,(anonymous_1)
DA:8,1
DA:10,2
DA:22,2
DA:24,2
DA:25,20
LF:5
LH:5
BRF:0
BRH:0
end_of_record
TN:
SF:C:\Daten\Entwicklung\VZ200\vz200\apps\VZ200-App\src\app\home\home.page.ts
FN:19,(anonymous_0)
FN:21,(anonymous_1)
FN:26,(anonymous_3)
FN:38,(anonymous_5)
FNF:4
FNH:1
FNDA:2,(anonymous_0)
FNDA:0,(anonymous_1)
FNDA:0,(anonymous_3)
FNDA:0,(anonymous_5)
DA:9,1
DA:12,1
DA:15,1
DA:19,2
DA:22,0
DA:23,0
DA:27,0
DA:28,0
DA:29,0
DA:30,0
DA:32,0
DA:34,0
DA:39,0
DA:40,0
DA:41,0
DA:42,0
DA:43,0
DA:45,0
LF:18
LH:4
BRF:0
BRH:0
end_of_record
TN:
SF:C:\Daten\Entwicklung\VZ200\vz200\apps\VZ200-App\src\app\services\restservice.service.ts
FN:10,(anonymous_0)
FN:15,(anonymous_1)
FN:23,(anonymous_2)
FN:31,(anonymous_3)
FN:39,(anonymous_5)
FN:47,(anonymous_7)
FN:55,(anonymous_8)
FN:60,(anonymous_10)
FN:69,(anonymous_12)
FNF:9
FNH:9
FNDA:10,(anonymous_0)
FNDA:1,(anonymous_1)
FNDA:1,(anonymous_2)
FNDA:1,(anonymous_3)
FNDA:1,(anonymous_5)
FNDA:1,(anonymous_7)
FNDA:1,(anonymous_8)
FNDA:1,(anonymous_10)
FNDA:1,(anonymous_12)
DA:7,1
DA:9,10
DA:10,10
DA:16,1
DA:24,1
DA:32,1
DA:33,1
DA:40,1
DA:48,1
DA:56,1
DA:57,1
DA:61,1
DA:62,1
DA:70,1
LF:14
LH:14
BRF:0
BRH:0
end_of_record
